/*C13*/SET SCHEMA PUBLIC
DELETE FROM VOKABELN WHERE EN='who' AND DE='Wer' AND KORREKT IS NULL AND FALSCH IS NULL
DELETE FROM VOKABELN WHERE EN='live' AND DE='leben' AND KORREKT IS NULL AND FALSCH IS NULL
DELETE FROM VOKABELN WHERE EN='forever' AND DE='ewig' AND KORREKT IS NULL AND FALSCH IS NULL
DELETE FROM VOKABELN WHERE EN='wants' AND DE='will' AND KORREKT IS NULL AND FALSCH IS NULL
DELETE FROM VOKABELN WHERE EN='to' AND DE='zu' AND KORREKT IS NULL AND FALSCH IS NULL
COMMIT
INSERT INTO VOKABELN VALUES('who','Wer',NULL,NULL)
COMMIT
INSERT INTO VOKABELN VALUES('wants','will',NULL,NULL)
COMMIT
INSERT INTO VOKABELN VALUES('to','zu',NULL,NULL)
COMMIT
INSERT INTO VOKABELN VALUES('live','leben',NULL,NULL)
COMMIT
INSERT INTO VOKABELN VALUES('forever','ewig',NULL,NULL)
COMMIT
DISCONNECT
/*C14*/SET SCHEMA PUBLIC
INSERT INTO VOKABELN VALUES('yes','ja',NULL,NULL)
COMMIT
DISCONNECT
/*C16*/SET SCHEMA PUBLIC
DELETE FROM VOKABELN WHERE EN='yes' AND DE='ja' AND KORREKT IS NULL AND FALSCH IS NULL
COMMIT
DISCONNECT
/*C15*/SET SCHEMA PUBLIC
DISCONNECT
